Compilazione avviata 15/09/2016 08:05:12.
     1>Progetto "C:\Users\Ludovico\Prog\moroder\dependencies\LabTIFF\VisualCPP\LabTIFF\LabTIFF\LabTIFF.vcxproj" sul nodo 2 (destinazioni: Build).
     1>ClCompile:
         C:\Program Files (x86)\Microsoft Visual Studio 12.0\VC\bin\CL.exe /c /IC:\Users\Ludovico\Prog\moroder\dependencies\LabTIFF\VisualCPP\LabTIFF\include /Zi /nologo /W3 /WX- /sdl /O2 /Oi /Oy- /GL /D WIN32 /D NDEBUG /D _WINDOWS /D _USRDLL /D LABTIFF_EXPORTS /D _WINDLL /D _UNICODE /D UNICODE /Gm- /EHsc /MD /GS /Gy /fp:precise /Zc:wchar_t /Zc:forScope /Yu"stdafx.h" /Fp"Release\LabTIFF.pch" /Fo"Release\\" /Fd"Release\vc120.pdb" /Gd /TP /analyze- /errorReport:prompt LabTIFF.cpp
         LabTIFF.cpp
       Link:
         C:\Program Files (x86)\Microsoft Visual Studio 12.0\VC\bin\link.exe /ERRORREPORT:PROMPT /OUT:"C:\Users\Ludovico\Prog\moroder\dependencies\LabTIFF\VisualCPP\LabTIFF\Release\LabTIFF.dll" /INCREMENTAL:NO /NOLOGO /LIBPATH:C:\Users\Ludovico\Prog\moroder\dependencies\LabTIFF\VisualCPP\LabTIFF\lib C:\Users\Ludovico\Prog\moroder\dependencies\LabTIFF\VisualCPP\LabTIFF\lib\libtiff.lib kernel32.lib user32.lib gdi32.lib winspool.lib comdlg32.lib advapi32.lib shell32.lib ole32.lib oleaut32.lib uuid.lib odbc32.lib odbccp32.lib kernel32.lib user32.lib gdi32.lib winspool.lib comdlg32.lib advapi32.lib shell32.lib ole32.lib oleaut32.lib uuid.lib odbc32.lib odbccp32.lib /NODEFAULTLIB:libcmt.lib /MANIFEST /MANIFESTUAC:"level='asInvoker' uiAccess='false'" /manifest:embed /DEBUG /PDB:"C:\Users\Ludovico\Prog\moroder\dependencies\LabTIFF\VisualCPP\LabTIFF\Release\LabTIFF.pdb" /SUBSYSTEM:WINDOWS /OPT:REF /OPT:ICF /LTCG /TLBID:1 /DYNAMICBASE /NXCOMPAT /IMPLIB:"C:\Users\Ludovico\Prog\moroder\dependencies\LabTIFF\VisualCPP\LabTIFF\Release\LabTIFF.lib" /MACHINE:X86 /SAFESEH:NO /DLL Release\dllmain.obj
         Release\LabTIFF.obj
         Release\stdafx.obj
            Creazione della libreria C:\Users\Ludovico\Prog\moroder\dependencies\LabTIFF\VisualCPP\LabTIFF\Release\LabTIFF.lib e dell'oggetto C:\Users\Ludovico\Prog\moroder\dependencies\LabTIFF\VisualCPP\LabTIFF\Release\LabTIFF.exp in corso...
         Generazione codice in corso...
         Generazione codice terminata
     1>libtiff.lib(jerror.obj) : warning LNK4099: impossibile trovare il PDB 'vc120.pdb' con 'libtiff.lib(jerror.obj)' o in 'C:\Users\Ludovico\Prog\moroder\dependencies\LabTIFF\VisualCPP\LabTIFF\Release\vc120.pdb'; oggetto collegato senza informazioni di debug
     1>libtiff.lib(jdapimin.obj) : warning LNK4099: impossibile trovare il PDB 'vc120.pdb' con 'libtiff.lib(jdapimin.obj)' o in 'C:\Users\Ludovico\Prog\moroder\dependencies\LabTIFF\VisualCPP\LabTIFF\Release\vc120.pdb'; oggetto collegato senza informazioni di debug
     1>libtiff.lib(jdapistd.obj) : warning LNK4099: impossibile trovare il PDB 'vc120.pdb' con 'libtiff.lib(jdapistd.obj)' o in 'C:\Users\Ludovico\Prog\moroder\dependencies\LabTIFF\VisualCPP\LabTIFF\Release\vc120.pdb'; oggetto collegato senza informazioni di debug
     1>libtiff.lib(jcomapi.obj) : warning LNK4099: impossibile trovare il PDB 'vc120.pdb' con 'libtiff.lib(jcomapi.obj)' o in 'C:\Users\Ludovico\Prog\moroder\dependencies\LabTIFF\VisualCPP\LabTIFF\Release\vc120.pdb'; oggetto collegato senza informazioni di debug
     1>libtiff.lib(jcapimin.obj) : warning LNK4099: impossibile trovare il PDB 'vc120.pdb' con 'libtiff.lib(jcapimin.obj)' o in 'C:\Users\Ludovico\Prog\moroder\dependencies\LabTIFF\VisualCPP\LabTIFF\Release\vc120.pdb'; oggetto collegato senza informazioni di debug
     1>libtiff.lib(jcparam.obj) : warning LNK4099: impossibile trovare il PDB 'vc120.pdb' con 'libtiff.lib(jcparam.obj)' o in 'C:\Users\Ludovico\Prog\moroder\dependencies\LabTIFF\VisualCPP\LabTIFF\Release\vc120.pdb'; oggetto collegato senza informazioni di debug
     1>libtiff.lib(jcapistd.obj) : warning LNK4099: impossibile trovare il PDB 'vc120.pdb' con 'libtiff.lib(jcapistd.obj)' o in 'C:\Users\Ludovico\Prog\moroder\dependencies\LabTIFF\VisualCPP\LabTIFF\Release\vc120.pdb'; oggetto collegato senza informazioni di debug
     1>libtiff.lib(jdmarker.obj) : warning LNK4099: impossibile trovare il PDB 'vc120.pdb' con 'libtiff.lib(jdmarker.obj)' o in 'C:\Users\Ludovico\Prog\moroder\dependencies\LabTIFF\VisualCPP\LabTIFF\Release\vc120.pdb'; oggetto collegato senza informazioni di debug
     1>libtiff.lib(jdinput.obj) : warning LNK4099: impossibile trovare il PDB 'vc120.pdb' con 'libtiff.lib(jdinput.obj)' o in 'C:\Users\Ludovico\Prog\moroder\dependencies\LabTIFF\VisualCPP\LabTIFF\Release\vc120.pdb'; oggetto collegato senza informazioni di debug
     1>libtiff.lib(jmemmgr.obj) : warning LNK4099: impossibile trovare il PDB 'vc120.pdb' con 'libtiff.lib(jmemmgr.obj)' o in 'C:\Users\Ludovico\Prog\moroder\dependencies\LabTIFF\VisualCPP\LabTIFF\Release\vc120.pdb'; oggetto collegato senza informazioni di debug
     1>libtiff.lib(jdmaster.obj) : warning LNK4099: impossibile trovare il PDB 'vc120.pdb' con 'libtiff.lib(jdmaster.obj)' o in 'C:\Users\Ludovico\Prog\moroder\dependencies\LabTIFF\VisualCPP\LabTIFF\Release\vc120.pdb'; oggetto collegato senza informazioni di debug
     1>libtiff.lib(jutils.obj) : warning LNK4099: impossibile trovare il PDB 'vc120.pdb' con 'libtiff.lib(jutils.obj)' o in 'C:\Users\Ludovico\Prog\moroder\dependencies\LabTIFF\VisualCPP\LabTIFF\Release\vc120.pdb'; oggetto collegato senza informazioni di debug
     1>libtiff.lib(jcmarker.obj) : warning LNK4099: impossibile trovare il PDB 'vc120.pdb' con 'libtiff.lib(jcmarker.obj)' o in 'C:\Users\Ludovico\Prog\moroder\dependencies\LabTIFF\VisualCPP\LabTIFF\Release\vc120.pdb'; oggetto collegato senza informazioni di debug
     1>libtiff.lib(jcinit.obj) : warning LNK4099: impossibile trovare il PDB 'vc120.pdb' con 'libtiff.lib(jcinit.obj)' o in 'C:\Users\Ludovico\Prog\moroder\dependencies\LabTIFF\VisualCPP\LabTIFF\Release\vc120.pdb'; oggetto collegato senza informazioni di debug
     1>libtiff.lib(jmemnobs.obj) : warning LNK4099: impossibile trovare il PDB 'vc120.pdb' con 'libtiff.lib(jmemnobs.obj)' o in 'C:\Users\Ludovico\Prog\moroder\dependencies\LabTIFF\VisualCPP\LabTIFF\Release\vc120.pdb'; oggetto collegato senza informazioni di debug
     1>libtiff.lib(jdhuff.obj) : warning LNK4099: impossibile trovare il PDB 'vc120.pdb' con 'libtiff.lib(jdhuff.obj)' o in 'C:\Users\Ludovico\Prog\moroder\dependencies\LabTIFF\VisualCPP\LabTIFF\Release\vc120.pdb'; oggetto collegato senza informazioni di debug
     1>libtiff.lib(jquant1.obj) : warning LNK4099: impossibile trovare il PDB 'vc120.pdb' con 'libtiff.lib(jquant1.obj)' o in 'C:\Users\Ludovico\Prog\moroder\dependencies\LabTIFF\VisualCPP\LabTIFF\Release\vc120.pdb'; oggetto collegato senza informazioni di debug
     1>libtiff.lib(jddctmgr.obj) : warning LNK4099: impossibile trovare il PDB 'vc120.pdb' con 'libtiff.lib(jddctmgr.obj)' o in 'C:\Users\Ludovico\Prog\moroder\dependencies\LabTIFF\VisualCPP\LabTIFF\Release\vc120.pdb'; oggetto collegato senza informazioni di debug
     1>libtiff.lib(jdsample.obj) : warning LNK4099: impossibile trovare il PDB 'vc120.pdb' con 'libtiff.lib(jdsample.obj)' o in 'C:\Users\Ludovico\Prog\moroder\dependencies\LabTIFF\VisualCPP\LabTIFF\Release\vc120.pdb'; oggetto collegato senza informazioni di debug
     1>libtiff.lib(jdarith.obj) : warning LNK4099: impossibile trovare il PDB 'vc120.pdb' con 'libtiff.lib(jdarith.obj)' o in 'C:\Users\Ludovico\Prog\moroder\dependencies\LabTIFF\VisualCPP\LabTIFF\Release\vc120.pdb'; oggetto collegato senza informazioni di debug
     1>libtiff.lib(jdcolor.obj) : warning LNK4099: impossibile trovare il PDB 'vc120.pdb' con 'libtiff.lib(jdcolor.obj)' o in 'C:\Users\Ludovico\Prog\moroder\dependencies\LabTIFF\VisualCPP\LabTIFF\Release\vc120.pdb'; oggetto collegato senza informazioni di debug
     1>libtiff.lib(jdcoefct.obj) : warning LNK4099: impossibile trovare il PDB 'vc120.pdb' con 'libtiff.lib(jdcoefct.obj)' o in 'C:\Users\Ludovico\Prog\moroder\dependencies\LabTIFF\VisualCPP\LabTIFF\Release\vc120.pdb'; oggetto collegato senza informazioni di debug
     1>libtiff.lib(jquant2.obj) : warning LNK4099: impossibile trovare il PDB 'vc120.pdb' con 'libtiff.lib(jquant2.obj)' o in 'C:\Users\Ludovico\Prog\moroder\dependencies\LabTIFF\VisualCPP\LabTIFF\Release\vc120.pdb'; oggetto collegato senza informazioni di debug
     1>libtiff.lib(jdmerge.obj) : warning LNK4099: impossibile trovare il PDB 'vc120.pdb' con 'libtiff.lib(jdmerge.obj)' o in 'C:\Users\Ludovico\Prog\moroder\dependencies\LabTIFF\VisualCPP\LabTIFF\Release\vc120.pdb'; oggetto collegato senza informazioni di debug
     1>libtiff.lib(jdmainct.obj) : warning LNK4099: impossibile trovare il PDB 'vc120.pdb' con 'libtiff.lib(jdmainct.obj)' o in 'C:\Users\Ludovico\Prog\moroder\dependencies\LabTIFF\VisualCPP\LabTIFF\Release\vc120.pdb'; oggetto collegato senza informazioni di debug
     1>libtiff.lib(jdpostct.obj) : warning LNK4099: impossibile trovare il PDB 'vc120.pdb' con 'libtiff.lib(jdpostct.obj)' o in 'C:\Users\Ludovico\Prog\moroder\dependencies\LabTIFF\VisualCPP\LabTIFF\Release\vc120.pdb'; oggetto collegato senza informazioni di debug
     1>libtiff.lib(jccolor.obj) : warning LNK4099: impossibile trovare il PDB 'vc120.pdb' con 'libtiff.lib(jccolor.obj)' o in 'C:\Users\Ludovico\Prog\moroder\dependencies\LabTIFF\VisualCPP\LabTIFF\Release\vc120.pdb'; oggetto collegato senza informazioni di debug
     1>libtiff.lib(jcarith.obj) : warning LNK4099: impossibile trovare il PDB 'vc120.pdb' con 'libtiff.lib(jcarith.obj)' o in 'C:\Users\Ludovico\Prog\moroder\dependencies\LabTIFF\VisualCPP\LabTIFF\Release\vc120.pdb'; oggetto collegato senza informazioni di debug
     1>libtiff.lib(jcmainct.obj) : warning LNK4099: impossibile trovare il PDB 'vc120.pdb' con 'libtiff.lib(jcmainct.obj)' o in 'C:\Users\Ludovico\Prog\moroder\dependencies\LabTIFF\VisualCPP\LabTIFF\Release\vc120.pdb'; oggetto collegato senza informazioni di debug
     1>libtiff.lib(jcmaster.obj) : warning LNK4099: impossibile trovare il PDB 'vc120.pdb' con 'libtiff.lib(jcmaster.obj)' o in 'C:\Users\Ludovico\Prog\moroder\dependencies\LabTIFF\VisualCPP\LabTIFF\Release\vc120.pdb'; oggetto collegato senza informazioni di debug
     1>libtiff.lib(jccoefct.obj) : warning LNK4099: impossibile trovare il PDB 'vc120.pdb' con 'libtiff.lib(jccoefct.obj)' o in 'C:\Users\Ludovico\Prog\moroder\dependencies\LabTIFF\VisualCPP\LabTIFF\Release\vc120.pdb'; oggetto collegato senza informazioni di debug
     1>libtiff.lib(jcprepct.obj) : warning LNK4099: impossibile trovare il PDB 'vc120.pdb' con 'libtiff.lib(jcprepct.obj)' o in 'C:\Users\Ludovico\Prog\moroder\dependencies\LabTIFF\VisualCPP\LabTIFF\Release\vc120.pdb'; oggetto collegato senza informazioni di debug
     1>libtiff.lib(jcdctmgr.obj) : warning LNK4099: impossibile trovare il PDB 'vc120.pdb' con 'libtiff.lib(jcdctmgr.obj)' o in 'C:\Users\Ludovico\Prog\moroder\dependencies\LabTIFF\VisualCPP\LabTIFF\Release\vc120.pdb'; oggetto collegato senza informazioni di debug
     1>libtiff.lib(jcsample.obj) : warning LNK4099: impossibile trovare il PDB 'vc120.pdb' con 'libtiff.lib(jcsample.obj)' o in 'C:\Users\Ludovico\Prog\moroder\dependencies\LabTIFF\VisualCPP\LabTIFF\Release\vc120.pdb'; oggetto collegato senza informazioni di debug
     1>libtiff.lib(jchuff.obj) : warning LNK4099: impossibile trovare il PDB 'vc120.pdb' con 'libtiff.lib(jchuff.obj)' o in 'C:\Users\Ludovico\Prog\moroder\dependencies\LabTIFF\VisualCPP\LabTIFF\Release\vc120.pdb'; oggetto collegato senza informazioni di debug
     1>libtiff.lib(jidctint.obj) : warning LNK4099: impossibile trovare il PDB 'vc120.pdb' con 'libtiff.lib(jidctint.obj)' o in 'C:\Users\Ludovico\Prog\moroder\dependencies\LabTIFF\VisualCPP\LabTIFF\Release\vc120.pdb'; oggetto collegato senza informazioni di debug
     1>libtiff.lib(jidctflt.obj) : warning LNK4099: impossibile trovare il PDB 'vc120.pdb' con 'libtiff.lib(jidctflt.obj)' o in 'C:\Users\Ludovico\Prog\moroder\dependencies\LabTIFF\VisualCPP\LabTIFF\Release\vc120.pdb'; oggetto collegato senza informazioni di debug
     1>libtiff.lib(jidctfst.obj) : warning LNK4099: impossibile trovare il PDB 'vc120.pdb' con 'libtiff.lib(jidctfst.obj)' o in 'C:\Users\Ludovico\Prog\moroder\dependencies\LabTIFF\VisualCPP\LabTIFF\Release\vc120.pdb'; oggetto collegato senza informazioni di debug
     1>libtiff.lib(jaricom.obj) : warning LNK4099: impossibile trovare il PDB 'vc120.pdb' con 'libtiff.lib(jaricom.obj)' o in 'C:\Users\Ludovico\Prog\moroder\dependencies\LabTIFF\VisualCPP\LabTIFF\Release\vc120.pdb'; oggetto collegato senza informazioni di debug
     1>libtiff.lib(jfdctint.obj) : warning LNK4099: impossibile trovare il PDB 'vc120.pdb' con 'libtiff.lib(jfdctint.obj)' o in 'C:\Users\Ludovico\Prog\moroder\dependencies\LabTIFF\VisualCPP\LabTIFF\Release\vc120.pdb'; oggetto collegato senza informazioni di debug
     1>libtiff.lib(jfdctflt.obj) : warning LNK4099: impossibile trovare il PDB 'vc120.pdb' con 'libtiff.lib(jfdctflt.obj)' o in 'C:\Users\Ludovico\Prog\moroder\dependencies\LabTIFF\VisualCPP\LabTIFF\Release\vc120.pdb'; oggetto collegato senza informazioni di debug
     1>libtiff.lib(jfdctfst.obj) : warning LNK4099: impossibile trovare il PDB 'vc120.pdb' con 'libtiff.lib(jfdctfst.obj)' o in 'C:\Users\Ludovico\Prog\moroder\dependencies\LabTIFF\VisualCPP\LabTIFF\Release\vc120.pdb'; oggetto collegato senza informazioni di debug
     1>libtiff.lib(zutil.obj) : warning LNK4099: impossibile trovare il PDB 'vc120.pdb' con 'libtiff.lib(zutil.obj)' o in 'C:\Users\Ludovico\Prog\moroder\dependencies\LabTIFF\VisualCPP\LabTIFF\Release\vc120.pdb'; oggetto collegato senza informazioni di debug
     1>libtiff.lib(trees.obj) : warning LNK4099: impossibile trovare il PDB 'vc120.pdb' con 'libtiff.lib(trees.obj)' o in 'C:\Users\Ludovico\Prog\moroder\dependencies\LabTIFF\VisualCPP\LabTIFF\Release\vc120.pdb'; oggetto collegato senza informazioni di debug
     1>libtiff.lib(inftrees.obj) : warning LNK4099: impossibile trovare il PDB 'vc120.pdb' con 'libtiff.lib(inftrees.obj)' o in 'C:\Users\Ludovico\Prog\moroder\dependencies\LabTIFF\VisualCPP\LabTIFF\Release\vc120.pdb'; oggetto collegato senza informazioni di debug
     1>libtiff.lib(inflate.obj) : warning LNK4099: impossibile trovare il PDB 'vc120.pdb' con 'libtiff.lib(inflate.obj)' o in 'C:\Users\Ludovico\Prog\moroder\dependencies\LabTIFF\VisualCPP\LabTIFF\Release\vc120.pdb'; oggetto collegato senza informazioni di debug
     1>libtiff.lib(deflate.obj) : warning LNK4099: impossibile trovare il PDB 'vc120.pdb' con 'libtiff.lib(deflate.obj)' o in 'C:\Users\Ludovico\Prog\moroder\dependencies\LabTIFF\VisualCPP\LabTIFF\Release\vc120.pdb'; oggetto collegato senza informazioni di debug
     1>libtiff.lib(crc32.obj) : warning LNK4099: impossibile trovare il PDB 'vc120.pdb' con 'libtiff.lib(crc32.obj)' o in 'C:\Users\Ludovico\Prog\moroder\dependencies\LabTIFF\VisualCPP\LabTIFF\Release\vc120.pdb'; oggetto collegato senza informazioni di debug
     1>libtiff.lib(adler32.obj) : warning LNK4099: impossibile trovare il PDB 'vc120.pdb' con 'libtiff.lib(adler32.obj)' o in 'C:\Users\Ludovico\Prog\moroder\dependencies\LabTIFF\VisualCPP\LabTIFF\Release\vc120.pdb'; oggetto collegato senza informazioni di debug
         LabTIFF.vcxproj -> C:\Users\Ludovico\Prog\moroder\dependencies\LabTIFF\VisualCPP\LabTIFF\Release\LabTIFF.dll
     1>Compilazione progetto "C:\Users\Ludovico\Prog\moroder\dependencies\LabTIFF\VisualCPP\LabTIFF\LabTIFF\LabTIFF.vcxproj" (destinazioni: Build) completata.

Compilazione completata.

Tempo trascorso 00:00:03.99
